2012-12-04 19:47:48 Error: [MissingControllerException] Controller class Index.phpController could not be found.
#0 D:\elvis.caceres\Dropbox\My projects\hosting_manager\src\webroot\index.php(97): Dispatcher->dispatch(Object(CakeRequest), Object(CakeResponse))
#1 {main}
2012-12-07 02:23:54 Error: [MissingControllerException] Controller class CssController could not be found.
#0 D:\elvis.caceres\Dropbox\My projects\HostingManager\src\webroot\index.php(97): Dispatcher->dispatch(Object(CakeRequest), Object(CakeResponse))
#1 {main}
2012-12-07 02:23:54 Error: [MissingControllerException] Controller class CssController could not be found.
#0 D:\elvis.caceres\Dropbox\My projects\HostingManager\src\webroot\index.php(97): Dispatcher->dispatch(Object(CakeRequest), Object(CakeResponse))
#1 {main}
2012-12-07 02:26:01 Error: [MissingControllerException] Controller class CssController could not be found.
#0 D:\elvis.caceres\Dropbox\My projects\HostingManager\src\webroot\index.php(97): Dispatcher->dispatch(Object(CakeRequest), Object(CakeResponse))
#1 {main}
2012-12-07 02:26:01 Error: [MissingControllerException] Controller class CssController could not be found.
#0 D:\elvis.caceres\Dropbox\My projects\HostingManager\src\webroot\index.php(97): Dispatcher->dispatch(Object(CakeRequest), Object(CakeResponse))
#1 {main}
2012-12-07 02:27:58 Error: [MissingControllerException] Controller class CssController could not be found.
#0 D:\elvis.caceres\Dropbox\My projects\HostingManager\src\webroot\index.php(97): Dispatcher->dispatch(Object(CakeRequest), Object(CakeResponse))
#1 {main}
2012-12-07 02:27:58 Error: [MissingControllerException] Controller class CssController could not be found.
#0 D:\elvis.caceres\Dropbox\My projects\HostingManager\src\webroot\index.php(97): Dispatcher->dispatch(Object(CakeRequest), Object(CakeResponse))
#1 {main}
2012-12-07 02:33:59 Error: [MissingControllerException] Controller class CssController could not be found.
#0 D:\elvis.caceres\Dropbox\My projects\HostingManager\src\webroot\index.php(97): Dispatcher->dispatch(Object(CakeRequest), Object(CakeResponse))
#1 {main}
2012-12-07 02:33:59 Error: [MissingControllerException] Controller class CssController could not be found.
#0 D:\elvis.caceres\Dropbox\My projects\HostingManager\src\webroot\index.php(97): Dispatcher->dispatch(Object(CakeRequest), Object(CakeResponse))
#1 {main}
2012-12-08 17:21:57 Error: [MissingControllerException] Controller class Index.phpController could not be found.
#0 D:\elvis.caceres\Dropbox\My projects\HostingManager\src\webroot\index.php(97): Dispatcher->dispatch(Object(CakeRequest), Object(CakeResponse))
#1 {main}
2012-12-08 17:31:31 Error: [MissingControllerException] Controller class AddController could not be found.
#0 D:\elvis.caceres\Dropbox\My projects\HostingManager\src\webroot\index.php(97): Dispatcher->dispatch(Object(CakeRequest), Object(CakeResponse))
#1 {main}
2012-12-12 20:01:44 Error: [MissingControllerException] Controller class Index.phpController could not be found.
#0 D:\elvis.caceres\Dropbox\My projects\HostingManager\src\webroot\index.php(97): Dispatcher->dispatch(Object(CakeRequest), Object(CakeResponse))
#1 {main}
2012-12-14 16:56:11 Error: [MissingControllerException] Controller class Index.phpController could not be found.
#0 D:\elvis.caceres\Dropbox\My projects\HostingManager\src\webroot\index.php(97): Dispatcher->dispatch(Object(CakeRequest), Object(CakeResponse))
#1 {main}
2012-12-14 16:56:22 Error: [MissingControllerException] Controller class ImgController could not be found.
#0 D:\elvis.caceres\Dropbox\My projects\HostingManager\src\webroot\index.php(97): Dispatcher->dispatch(Object(CakeRequest), Object(CakeResponse))
#1 {main}
2012-12-14 16:56:22 Error: [MissingControllerException] Controller class ImgController could not be found.
#0 D:\elvis.caceres\Dropbox\My projects\HostingManager\src\webroot\index.php(97): Dispatcher->dispatch(Object(CakeRequest), Object(CakeResponse))
#1 {main}
2012-12-14 16:56:22 Error: [MissingControllerException] Controller class ImgController could not be found.
#0 D:\elvis.caceres\Dropbox\My projects\HostingManager\src\webroot\index.php(97): Dispatcher->dispatch(Object(CakeRequest), Object(CakeResponse))
#1 {main}
2012-12-14 16:56:22 Error: [MissingControllerException] Controller class ImgController could not be found.
#0 D:\elvis.caceres\Dropbox\My projects\HostingManager\src\webroot\index.php(97): Dispatcher->dispatch(Object(CakeRequest), Object(CakeResponse))
#1 {main}
2012-12-14 16:56:22 Error: [MissingControllerException] Controller class ImgController could not be found.
#0 D:\elvis.caceres\Dropbox\My projects\HostingManager\src\webroot\index.php(97): Dispatcher->dispatch(Object(CakeRequest), Object(CakeResponse))
#1 {main}
2012-12-14 16:56:22 Error: [MissingControllerException] Controller class ImgController could not be found.
#0 D:\elvis.caceres\Dropbox\My projects\HostingManager\src\webroot\index.php(97): Dispatcher->dispatch(Object(CakeRequest), Object(CakeResponse))
#1 {main}
2012-12-14 16:56:22 Error: [MissingControllerException] Controller class ImgController could not be found.
#0 D:\elvis.caceres\Dropbox\My projects\HostingManager\src\webroot\index.php(97): Dispatcher->dispatch(Object(CakeRequest), Object(CakeResponse))
#1 {main}
2012-12-14 16:57:26 Error: [MissingControllerException] Controller class ImgController could not be found.
#0 D:\elvis.caceres\Dropbox\My projects\HostingManager\src\webroot\index.php(97): Dispatcher->dispatch(Object(CakeRequest), Object(CakeResponse))
#1 {main}
2012-12-14 16:57:26 Error: [MissingControllerException] Controller class ImgController could not be found.
#0 D:\elvis.caceres\Dropbox\My projects\HostingManager\src\webroot\index.php(97): Dispatcher->dispatch(Object(CakeRequest), Object(CakeResponse))
#1 {main}
2012-12-14 16:57:26 Error: [MissingControllerException] Controller class ImgController could not be found.
#0 D:\elvis.caceres\Dropbox\My projects\HostingManager\src\webroot\index.php(97): Dispatcher->dispatch(Object(CakeRequest), Object(CakeResponse))
#1 {main}
2012-12-14 16:57:26 Error: [MissingControllerException] Controller class ImgController could not be found.
#0 D:\elvis.caceres\Dropbox\My projects\HostingManager\src\webroot\index.php(97): Dispatcher->dispatch(Object(CakeRequest), Object(CakeResponse))
#1 {main}
2012-12-14 16:57:26 Error: [MissingControllerException] Controller class ImgController could not be found.
#0 D:\elvis.caceres\Dropbox\My projects\HostingManager\src\webroot\index.php(97): Dispatcher->dispatch(Object(CakeRequest), Object(CakeResponse))
#1 {main}
2012-12-14 16:57:26 Error: [MissingControllerException] Controller class ImgController could not be found.
#0 D:\elvis.caceres\Dropbox\My projects\HostingManager\src\webroot\index.php(97): Dispatcher->dispatch(Object(CakeRequest), Object(CakeResponse))
#1 {main}
2012-12-14 16:57:26 Error: [MissingControllerException] Controller class ImgController could not be found.
#0 D:\elvis.caceres\Dropbox\My projects\HostingManager\src\webroot\index.php(97): Dispatcher->dispatch(Object(CakeRequest), Object(CakeResponse))
#1 {main}
2012-12-14 17:02:18 Error: [MissingControllerException] Controller class ImgController could not be found.
#0 D:\elvis.caceres\Dropbox\My projects\HostingManager\src\webroot\index.php(97): Dispatcher->dispatch(Object(CakeRequest), Object(CakeResponse))
#1 {main}
2012-12-14 17:11:48 Error: [MissingControllerException] Controller class ImgController could not be found.
#0 D:\elvis.caceres\Dropbox\My projects\HostingManager\src\webroot\index.php(97): Dispatcher->dispatch(Object(CakeRequest), Object(CakeResponse))
#1 {main}
2012-12-14 17:12:58 Error: [MissingControllerException] Controller class ImgController could not be found.
#0 D:\elvis.caceres\Dropbox\My projects\HostingManager\src\webroot\index.php(97): Dispatcher->dispatch(Object(CakeRequest), Object(CakeResponse))
#1 {main}
2012-12-14 17:13:52 Error: [MissingControllerException] Controller class CssController could not be found.
#0 D:\elvis.caceres\Dropbox\My projects\HostingManager\src\webroot\index.php(97): Dispatcher->dispatch(Object(CakeRequest), Object(CakeResponse))
#1 {main}
2012-12-14 17:13:52 Error: [MissingControllerException] Controller class CssController could not be found.
#0 D:\elvis.caceres\Dropbox\My projects\HostingManager\src\webroot\index.php(97): Dispatcher->dispatch(Object(CakeRequest), Object(CakeResponse))
#1 {main}
2012-12-14 17:13:52 Error: [MissingControllerException] Controller class CssController could not be found.
#0 D:\elvis.caceres\Dropbox\My projects\HostingManager\src\webroot\index.php(97): Dispatcher->dispatch(Object(CakeRequest), Object(CakeResponse))
#1 {main}
2012-12-14 17:13:52 Error: [MissingControllerException] Controller class CssController could not be found.
#0 D:\elvis.caceres\Dropbox\My projects\HostingManager\src\webroot\index.php(97): Dispatcher->dispatch(Object(CakeRequest), Object(CakeResponse))
#1 {main}
2012-12-14 17:13:52 Error: [MissingControllerException] Controller class CssController could not be found.
#0 D:\elvis.caceres\Dropbox\My projects\HostingManager\src\webroot\index.php(97): Dispatcher->dispatch(Object(CakeRequest), Object(CakeResponse))
#1 {main}
2012-12-14 17:13:52 Error: [MissingControllerException] Controller class CssController could not be found.
#0 D:\elvis.caceres\Dropbox\My projects\HostingManager\src\webroot\index.php(97): Dispatcher->dispatch(Object(CakeRequest), Object(CakeResponse))
#1 {main}
2012-12-14 17:13:52 Error: [MissingControllerException] Controller class ImgController could not be found.
#0 D:\elvis.caceres\Dropbox\My projects\HostingManager\src\webroot\index.php(97): Dispatcher->dispatch(Object(CakeRequest), Object(CakeResponse))
#1 {main}
2012-12-14 17:15:37 Error: [MissingControllerException] Controller class ImgController could not be found.
#0 D:\elvis.caceres\Dropbox\My projects\HostingManager\src\webroot\index.php(97): Dispatcher->dispatch(Object(CakeRequest), Object(CakeResponse))
#1 {main}
2012-12-14 17:17:10 Error: [MissingControllerException] Controller class ImgController could not be found.
#0 D:\elvis.caceres\Dropbox\My projects\HostingManager\src\webroot\index.php(97): Dispatcher->dispatch(Object(CakeRequest), Object(CakeResponse))
#1 {main}
2012-12-14 17:20:49 Error: [MissingControllerException] Controller class ImgController could not be found.
#0 D:\elvis.caceres\Dropbox\My projects\HostingManager\src\webroot\index.php(97): Dispatcher->dispatch(Object(CakeRequest), Object(CakeResponse))
#1 {main}
2012-12-14 17:25:40 Error: [MissingControllerException] Controller class ImgController could not be found.
#0 D:\elvis.caceres\Dropbox\My projects\HostingManager\src\webroot\index.php(97): Dispatcher->dispatch(Object(CakeRequest), Object(CakeResponse))
#1 {main}
2012-12-14 19:40:06 Error: [PDOException] SQLSTATE[23000]: Integrity constraint violation: 1062 Duplicate entry '0' for key 'PRIMARY'
#0 C:\xampp\cakephp-2.2.3\lib\Cake\Model\Datasource\DboSource.php(459): PDOStatement->execute(Array)
#1 C:\xampp\cakephp-2.2.3\lib\Cake\Model\Datasource\DboSource.php(425): DboSource->_execute('INSERT INTO `ho...', Array)
#2 C:\xampp\cakephp-2.2.3\lib\Cake\Model\Datasource\DboSource.php(1007): DboSource->execute('INSERT INTO `ho...')
#3 C:\xampp\cakephp-2.2.3\lib\Cake\Model\Model.php(1730): DboSource->create(Object(Service), Array, Array)
#4 D:\elvis.caceres\Dropbox\My projects\HostingManager\src\Controller\ServicesController.php(43): Model->save(Array)
#5 [internal function]: ServicesController->add()
#6 C:\xampp\cakephp-2.2.3\lib\Cake\Controller\Controller.php(485): ReflectionMethod->invokeArgs(Object(ServicesController), Array)
#7 C:\xampp\cakephp-2.2.3\lib\Cake\Routing\Dispatcher.php(186): Controller->invokeAction(Object(CakeRequest))
#8 C:\xampp\cakephp-2.2.3\lib\Cake\Routing\Dispatcher.php(161): Dispatcher->_invoke(Object(ServicesController), Object(CakeRequest), Object(CakeResponse))
#9 D:\elvis.caceres\Dropbox\My projects\HostingManager\src\webroot\index.php(97): Dispatcher->dispatch(Object(CakeRequest), Object(CakeResponse))
#10 {main}
2012-12-14 21:43:32 Error: [NotFoundException] Invalid service
#0 [internal function]: ServicesController->edit()
#1 C:\xampp\cakephp-2.2.3\lib\Cake\Controller\Controller.php(485): ReflectionMethod->invokeArgs(Object(ServicesController), Array)
#2 C:\xampp\cakephp-2.2.3\lib\Cake\Routing\Dispatcher.php(186): Controller->invokeAction(Object(CakeRequest))
#3 C:\xampp\cakephp-2.2.3\lib\Cake\Routing\Dispatcher.php(161): Dispatcher->_invoke(Object(ServicesController), Object(CakeRequest), Object(CakeResponse))
#4 D:\elvis.caceres\Dropbox\My projects\HostingManager\src\webroot\index.php(97): Dispatcher->dispatch(Object(CakeRequest), Object(CakeResponse))
#5 {main}
2012-12-14 22:54:57 Error: [MissingControllerException] Controller class ImagesController could not be found.
#0 D:\elvis.caceres\Dropbox\My projects\HostingManager\src\webroot\index.php(97): Dispatcher->dispatch(Object(CakeRequest), Object(CakeResponse))
#1 {main}
2012-12-14 22:56:24 Error: [MissingControllerException] Controller class ImagesController could not be found.
#0 D:\elvis.caceres\Dropbox\My projects\HostingManager\src\webroot\index.php(97): Dispatcher->dispatch(Object(CakeRequest), Object(CakeResponse))
#1 {main}
2012-12-14 22:56:52 Error: [MissingControllerException] Controller class ImagesController could not be found.
#0 D:\elvis.caceres\Dropbox\My projects\HostingManager\src\webroot\index.php(97): Dispatcher->dispatch(Object(CakeRequest), Object(CakeResponse))
#1 {main}
2012-12-14 22:57:12 Error: [MissingControllerException] Controller class ImagesController could not be found.
#0 D:\elvis.caceres\Dropbox\My projects\HostingManager\src\webroot\index.php(97): Dispatcher->dispatch(Object(CakeRequest), Object(CakeResponse))
#1 {main}
2012-12-14 23:11:06 Error: [MissingControllerException] Controller class UploadImageController could not be found.
#0 D:\elvis.caceres\Dropbox\My projects\HostingManager\src\webroot\index.php(97): Dispatcher->dispatch(Object(CakeRequest), Object(CakeResponse))
#1 {main}
2012-12-15 00:58:51 Error: [MissingControllerException] Controller class ImgController could not be found.
#0 D:\elvis.caceres\Dropbox\My projects\HostingManager\src\webroot\index.php(97): Dispatcher->dispatch(Object(CakeRequest), Object(CakeResponse))
#1 {main}
2012-12-15 00:59:56 Error: [MissingControllerException] Controller class ImgController could not be found.
#0 D:\elvis.caceres\Dropbox\My projects\HostingManager\src\webroot\index.php(97): Dispatcher->dispatch(Object(CakeRequest), Object(CakeResponse))
#1 {main}
2012-12-15 01:09:08 Error: [MissingControllerException] Controller class ImgController could not be found.
#0 D:\elvis.caceres\Dropbox\My projects\HostingManager\src\webroot\index.php(97): Dispatcher->dispatch(Object(CakeRequest), Object(CakeResponse))
#1 {main}
2012-12-15 01:09:59 Error: [MissingControllerException] Controller class ImgController could not be found.
#0 D:\elvis.caceres\Dropbox\My projects\HostingManager\src\webroot\index.php(97): Dispatcher->dispatch(Object(CakeRequest), Object(CakeResponse))
#1 {main}
2012-12-15 01:14:29 Error: [MissingControllerException] Controller class ImgController could not be found.
#0 D:\elvis.caceres\Dropbox\My projects\HostingManager\src\webroot\index.php(97): Dispatcher->dispatch(Object(CakeRequest), Object(CakeResponse))
#1 {main}
2012-12-15 01:14:37 Error: [MissingControllerException] Controller class ImgController could not be found.
#0 D:\elvis.caceres\Dropbox\My projects\HostingManager\src\webroot\index.php(97): Dispatcher->dispatch(Object(CakeRequest), Object(CakeResponse))
#1 {main}
2012-12-15 01:16:03 Error: [MissingControllerException] Controller class ImgController could not be found.
#0 D:\elvis.caceres\Dropbox\My projects\HostingManager\src\webroot\index.php(97): Dispatcher->dispatch(Object(CakeRequest), Object(CakeResponse))
#1 {main}
2012-12-15 01:16:37 Error: [MissingControllerException] Controller class ImgController could not be found.
#0 D:\elvis.caceres\Dropbox\My projects\HostingManager\src\webroot\index.php(97): Dispatcher->dispatch(Object(CakeRequest), Object(CakeResponse))
#1 {main}
2012-12-15 01:24:52 Error: [MissingControllerException] Controller class ImgController could not be found.
#0 D:\elvis.caceres\Dropbox\My projects\HostingManager\src\webroot\index.php(97): Dispatcher->dispatch(Object(CakeRequest), Object(CakeResponse))
#1 {main}
2012-12-15 01:27:04 Error: Fatal Error (1): Unsupported operand types in [C:\xampp\cakephp-2.2.3\lib\Cake\View\Helper\HtmlHelper.php, line 410]
2012-12-15 01:27:04 Error: [FatalErrorException] Unsupported operand types
#0 C:\xampp\cakephp-2.2.3\lib\Cake\Error\ErrorHandler.php(161): ErrorHandler::handleFatalError(1, 'Unsupported ope...', 'C:\xampp\cakeph...', 410)
#1 [internal function]: ErrorHandler::handleError(1, 'Unsupported ope...', 'C:\xampp\cakeph...', 410, Array)
#2 C:\xampp\cakephp-2.2.3\lib\Cake\Core\App.php(926): call_user_func('ErrorHandler::h...', 1, 'Unsupported ope...', 'C:\xampp\cakeph...', 410, Array)
#3 C:\xampp\cakephp-2.2.3\lib\Cake\Core\App.php(899): App::_checkFatalError()
#4 [internal function]: App::shutdown()
#5 {main}
2012-12-15 01:27:33 Error: [MissingControllerException] Controller class ImgController could not be found.
#0 D:\elvis.caceres\Dropbox\My projects\HostingManager\src\webroot\index.php(97): Dispatcher->dispatch(Object(CakeRequest), Object(CakeResponse))
#1 {main}
2012-12-15 01:47:09 Error: [MissingControllerException] Controller class PersonasController could not be found.
#0 D:\elvis.caceres\Dropbox\My projects\HostingManager\src\webroot\index.php(97): Dispatcher->dispatch(Object(CakeRequest), Object(CakeResponse))
#1 {main}
2012-12-15 01:51:35 Error: [MissingViewException] View file "D:\elvis.caceres\Dropbox\My projects\HostingManager\src\View\Services\upload.ctp" is missing.
#0 C:\xampp\cakephp-2.2.3\lib\Cake\View\View.php(473): View->_getViewFileName(NULL)
#1 C:\xampp\cakephp-2.2.3\lib\Cake\Controller\Controller.php(956): View->render(NULL, NULL)
#2 C:\xampp\cakephp-2.2.3\lib\Cake\Routing\Dispatcher.php(193): Controller->render()
#3 C:\xampp\cakephp-2.2.3\lib\Cake\Routing\Dispatcher.php(161): Dispatcher->_invoke(Object(ServicesController), Object(CakeRequest), Object(CakeResponse))
#4 D:\elvis.caceres\Dropbox\My projects\HostingManager\src\webroot\index.php(97): Dispatcher->dispatch(Object(CakeRequest), Object(CakeResponse))
#5 {main}
2012-12-15 01:53:08 Error: [MissingViewException] View file "D:\elvis.caceres\Dropbox\My projects\HostingManager\src\View\Services\upload.ctp" is missing.
#0 C:\xampp\cakephp-2.2.3\lib\Cake\View\View.php(473): View->_getViewFileName(NULL)
#1 C:\xampp\cakephp-2.2.3\lib\Cake\Controller\Controller.php(956): View->render(NULL, NULL)
#2 C:\xampp\cakephp-2.2.3\lib\Cake\Routing\Dispatcher.php(193): Controller->render()
#3 C:\xampp\cakephp-2.2.3\lib\Cake\Routing\Dispatcher.php(161): Dispatcher->_invoke(Object(ServicesController), Object(CakeRequest), Object(CakeResponse))
#4 D:\elvis.caceres\Dropbox\My projects\HostingManager\src\webroot\index.php(97): Dispatcher->dispatch(Object(CakeRequest), Object(CakeResponse))
#5 {main}
2012-12-15 02:41:15 Error: [NotFoundException] Invalid service
#0 [internal function]: ServicesController->edit()
#1 C:\xampp\cakephp-2.2.3\lib\Cake\Controller\Controller.php(485): ReflectionMethod->invokeArgs(Object(ServicesController), Array)
#2 C:\xampp\cakephp-2.2.3\lib\Cake\Routing\Dispatcher.php(186): Controller->invokeAction(Object(CakeRequest))
#3 C:\xampp\cakephp-2.2.3\lib\Cake\Routing\Dispatcher.php(161): Dispatcher->_invoke(Object(ServicesController), Object(CakeRequest), Object(CakeResponse))
#4 D:\elvis.caceres\Dropbox\My projects\HostingManager\src\webroot\index.php(97): Dispatcher->dispatch(Object(CakeRequest), Object(CakeResponse))
#5 {main}
2012-12-15 02:50:10 Error: [NotFoundException] Invalid service
#0 [internal function]: ServicesController->delete()
#1 C:\xampp\cakephp-2.2.3\lib\Cake\Controller\Controller.php(485): ReflectionMethod->invokeArgs(Object(ServicesController), Array)
#2 C:\xampp\cakephp-2.2.3\lib\Cake\Routing\Dispatcher.php(186): Controller->invokeAction(Object(CakeRequest))
#3 C:\xampp\cakephp-2.2.3\lib\Cake\Routing\Dispatcher.php(161): Dispatcher->_invoke(Object(ServicesController), Object(CakeRequest), Object(CakeResponse))
#4 D:\elvis.caceres\Dropbox\My projects\HostingManager\src\webroot\index.php(97): Dispatcher->dispatch(Object(CakeRequest), Object(CakeResponse))
#5 {main}
2012-12-15 02:50:37 Error: [NotFoundException] Invalid service
#0 [internal function]: ServicesController->delete()
#1 C:\xampp\cakephp-2.2.3\lib\Cake\Controller\Controller.php(485): ReflectionMethod->invokeArgs(Object(ServicesController), Array)
#2 C:\xampp\cakephp-2.2.3\lib\Cake\Routing\Dispatcher.php(186): Controller->invokeAction(Object(CakeRequest))
#3 C:\xampp\cakephp-2.2.3\lib\Cake\Routing\Dispatcher.php(161): Dispatcher->_invoke(Object(ServicesController), Object(CakeRequest), Object(CakeResponse))
#4 D:\elvis.caceres\Dropbox\My projects\HostingManager\src\webroot\index.php(97): Dispatcher->dispatch(Object(CakeRequest), Object(CakeResponse))
#5 {main}
2012-12-15 02:50:40 Error: [NotFoundException] Invalid service
#0 [internal function]: ServicesController->delete()
#1 C:\xampp\cakephp-2.2.3\lib\Cake\Controller\Controller.php(485): ReflectionMethod->invokeArgs(Object(ServicesController), Array)
#2 C:\xampp\cakephp-2.2.3\lib\Cake\Routing\Dispatcher.php(186): Controller->invokeAction(Object(CakeRequest))
#3 C:\xampp\cakephp-2.2.3\lib\Cake\Routing\Dispatcher.php(161): Dispatcher->_invoke(Object(ServicesController), Object(CakeRequest), Object(CakeResponse))
#4 D:\elvis.caceres\Dropbox\My projects\HostingManager\src\webroot\index.php(97): Dispatcher->dispatch(Object(CakeRequest), Object(CakeResponse))
#5 {main}
2012-12-15 02:50:41 Error: [NotFoundException] Invalid service
#0 [internal function]: ServicesController->delete()
#1 C:\xampp\cakephp-2.2.3\lib\Cake\Controller\Controller.php(485): ReflectionMethod->invokeArgs(Object(ServicesController), Array)
#2 C:\xampp\cakephp-2.2.3\lib\Cake\Routing\Dispatcher.php(186): Controller->invokeAction(Object(CakeRequest))
#3 C:\xampp\cakephp-2.2.3\lib\Cake\Routing\Dispatcher.php(161): Dispatcher->_invoke(Object(ServicesController), Object(CakeRequest), Object(CakeResponse))
#4 D:\elvis.caceres\Dropbox\My projects\HostingManager\src\webroot\index.php(97): Dispatcher->dispatch(Object(CakeRequest), Object(CakeResponse))
#5 {main}
2012-12-15 02:50:49 Error: [NotFoundException] Invalid service
#0 [internal function]: ServicesController->delete()
#1 C:\xampp\cakephp-2.2.3\lib\Cake\Controller\Controller.php(485): ReflectionMethod->invokeArgs(Object(ServicesController), Array)
#2 C:\xampp\cakephp-2.2.3\lib\Cake\Routing\Dispatcher.php(186): Controller->invokeAction(Object(CakeRequest))
#3 C:\xampp\cakephp-2.2.3\lib\Cake\Routing\Dispatcher.php(161): Dispatcher->_invoke(Object(ServicesController), Object(CakeRequest), Object(CakeResponse))
#4 D:\elvis.caceres\Dropbox\My projects\HostingManager\src\webroot\index.php(97): Dispatcher->dispatch(Object(CakeRequest), Object(CakeResponse))
#5 {main}
2012-12-15 02:51:16 Error: [NotFoundException] Invalid service
#0 [internal function]: ServicesController->delete()
#1 C:\xampp\cakephp-2.2.3\lib\Cake\Controller\Controller.php(485): ReflectionMethod->invokeArgs(Object(ServicesController), Array)
#2 C:\xampp\cakephp-2.2.3\lib\Cake\Routing\Dispatcher.php(186): Controller->invokeAction(Object(CakeRequest))
#3 C:\xampp\cakephp-2.2.3\lib\Cake\Routing\Dispatcher.php(161): Dispatcher->_invoke(Object(ServicesController), Object(CakeRequest), Object(CakeResponse))
#4 D:\elvis.caceres\Dropbox\My projects\HostingManager\src\webroot\index.php(97): Dispatcher->dispatch(Object(CakeRequest), Object(CakeResponse))
#5 {main}
2012-12-17 14:27:54 Error: [MissingControllerException] Controller class Index.phpController could not be found.
#0 D:\elvis.caceres\Dropbox\My projects\HostingManager\src\webroot\index.php(97): Dispatcher->dispatch(Object(CakeRequest), Object(CakeResponse))
#1 {main}
2012-12-17 15:04:38 Error: [MissingControllerException] Controller class Index.phpController could not be found.
#0 D:\elvis.caceres\Dropbox\My projects\HostingManager\src\webroot\index.php(97): Dispatcher->dispatch(Object(CakeRequest), Object(CakeResponse))
#1 {main}
2012-12-17 16:31:02 Error: [MissingControllerException] Controller class Index.phpController could not be found.
#0 D:\elvis.caceres\Dropbox\My projects\HostingManager\src\webroot\index.php(97): Dispatcher->dispatch(Object(CakeRequest), Object(CakeResponse))
#1 {main}
2012-12-17 16:43:28 Error: [PDOException] SQLSTATE[42S22]: Column not found: 1054 Unknown column 'Service.is_deletes' in 'where clause'
#0 C:\xampp\cakephp-2.2.3\lib\Cake\Model\Datasource\DboSource.php(459): PDOStatement->execute(Array)
#1 C:\xampp\cakephp-2.2.3\lib\Cake\Model\Datasource\DboSource.php(425): DboSource->_execute('SELECT `Service...', Array)
#2 C:\xampp\cakephp-2.2.3\lib\Cake\Model\Datasource\DboSource.php(669): DboSource->execute('SELECT `Service...', Array, Array)
#3 C:\xampp\cakephp-2.2.3\lib\Cake\Model\Datasource\DboSource.php(1080): DboSource->fetchAll('SELECT `Service...', false)
#4 C:\xampp\cakephp-2.2.3\lib\Cake\Model\Model.php(2630): DboSource->read(Object(Service), Array)
#5 D:\elvis.caceres\Dropbox\My projects\HostingManager\src\Controller\ServicesController.php(22): Model->find('all', Array)
#6 [internal function]: ServicesController->index()
#7 C:\xampp\cakephp-2.2.3\lib\Cake\Controller\Controller.php(485): ReflectionMethod->invokeArgs(Object(ServicesController), Array)
#8 C:\xampp\cakephp-2.2.3\lib\Cake\Routing\Dispatcher.php(186): Controller->invokeAction(Object(CakeRequest))
#9 C:\xampp\cakephp-2.2.3\lib\Cake\Routing\Dispatcher.php(161): Dispatcher->_invoke(Object(ServicesController), Object(CakeRequest), Object(CakeResponse))
#10 D:\elvis.caceres\Dropbox\My projects\HostingManager\src\webroot\index.php(97): Dispatcher->dispatch(Object(CakeRequest), Object(CakeResponse))
#11 {main}
2012-12-17 22:43:20 Error: [PDOException] SQLSTATE[42000]: Syntax error or access violation: 1064 You have an error in your SQL syntax; check the manual that corresponds to your MySQL server version for the right syntax to use near '' at line 1
#0 C:\xampp\cakephp-2.2.3\lib\Cake\Model\Datasource\DboSource.php(459): PDOStatement->execute(Array)
#1 C:\xampp\cakephp-2.2.3\lib\Cake\Model\Datasource\DboSource.php(425): DboSource->_execute('update', Array)
#2 C:\xampp\cakephp-2.2.3\lib\Cake\Model\Datasource\DboSource.php(669): DboSource->execute('update', Array, Array)
#3 C:\xampp\cakephp-2.2.3\lib\Cake\Model\Datasource\DboSource.php(611): DboSource->fetchAll('update', Array, Array)
#4 C:\xampp\cakephp-2.2.3\lib\Cake\Model\Model.php(784): DboSource->query('update', Array, Object(Server))
#5 D:\elvis.caceres\Dropbox\My projects\HostingManager\src\Controller\ServersController.php(106): Model->__call('update', Array)
#6 D:\elvis.caceres\Dropbox\My projects\HostingManager\src\Controller\ServersController.php(106): Server->update(Array)
#7 [internal function]: ServersController->delete()
#8 C:\xampp\cakephp-2.2.3\lib\Cake\Controller\Controller.php(485): ReflectionMethod->invokeArgs(Object(ServersController), Array)
#9 C:\xampp\cakephp-2.2.3\lib\Cake\Routing\Dispatcher.php(186): Controller->invokeAction(Object(CakeRequest))
#10 C:\xampp\cakephp-2.2.3\lib\Cake\Routing\Dispatcher.php(161): Dispatcher->_invoke(Object(ServersController), Object(CakeRequest), Object(CakeResponse))
#11 D:\elvis.caceres\Dropbox\My projects\HostingManager\src\webroot\index.php(97): Dispatcher->dispatch(Object(CakeRequest), Object(CakeResponse))
#12 {main}
2012-12-17 23:00:59 Error: Fatal Error (1): Call to a member function save() on a non-object in [D:\elvis.caceres\Dropbox\My projects\HostingManager\src\Controller\ServersController.php, line 113]
2012-12-17 23:00:59 Error: [FatalErrorException] Call to a member function save() on a non-object
#0 C:\xampp\cakephp-2.2.3\lib\Cake\Error\ErrorHandler.php(161): ErrorHandler::handleFatalError(1, 'Call to a membe...', 'D:\elvis.cacere...', 113)
#1 [internal function]: ErrorHandler::handleError(1, 'Call to a membe...', 'D:\elvis.cacere...', 113, Array)
#2 C:\xampp\cakephp-2.2.3\lib\Cake\Core\App.php(926): call_user_func('ErrorHandler::h...', 1, 'Call to a membe...', 'D:\elvis.cacere...', 113, Array)
#3 C:\xampp\cakephp-2.2.3\lib\Cake\Core\App.php(899): App::_checkFatalError()
#4 [internal function]: App::shutdown()
#5 {main}
2012-12-18 00:08:41 Error: [MissingControllerException] Controller class Index.phpController could not be found.
#0 D:\elvis.caceres\Dropbox\My projects\HostingManager\src\webroot\index.php(97): Dispatcher->dispatch(Object(CakeRequest), Object(CakeResponse))
#1 {main}
2012-12-18 00:21:41 Error: [MissingControllerException] Controller class Index.phpController could not be found.
#0 D:\elvis.caceres\Dropbox\My projects\HostingManager\src\webroot\index.php(97): Dispatcher->dispatch(Object(CakeRequest), Object(CakeResponse))
#1 {main}
2012-12-18 00:22:36 Error: [MissingControllerException] Controller class WebrootController could not be found.
#0 D:\elvis.caceres\Dropbox\My projects\HostingManager\src\webroot\index.php(97): Dispatcher->dispatch(Object(CakeRequest), Object(CakeResponse))
#1 {main}
2012-12-18 00:28:34 Error: [MissingControllerException] Controller class WebrootController could not be found.
#0 D:\elvis.caceres\Dropbox\My projects\HostingManager\src\webroot\index.php(97): Dispatcher->dispatch(Object(CakeRequest), Object(CakeResponse))
#1 {main}
2012-12-18 00:31:07 Error: [MissingControllerException] Controller class WebrootController could not be found.
#0 D:\elvis.caceres\Dropbox\My projects\HostingManager\src\webroot\index.php(97): Dispatcher->dispatch(Object(CakeRequest), Object(CakeResponse))
#1 {main}
2012-12-18 00:50:37 Error: [MissingControllerException] Controller class WebrootController could not be found.
#0 D:\elvis.caceres\Dropbox\My projects\HostingManager\src\webroot\index.php(97): Dispatcher->dispatch(Object(CakeRequest), Object(CakeResponse))
#1 {main}
2012-12-18 00:55:41 Error: [MissingControllerException] Controller class WebrootController could not be found.
#0 D:\elvis.caceres\Dropbox\My projects\HostingManager\src\webroot\index.php(97): Dispatcher->dispatch(Object(CakeRequest), Object(CakeResponse))
#1 {main}
2012-12-18 01:41:35 Error: [MissingViewException] View file "D:\elvis.caceres\Dropbox\My projects\HostingManager\src\View\Servers\admin_index.ctp" is missing.
#0 C:\xampp\cakephp-2.2.3\lib\Cake\View\View.php(473): View->_getViewFileName(NULL)
#1 C:\xampp\cakephp-2.2.3\lib\Cake\Controller\Controller.php(956): View->render(NULL, NULL)
#2 C:\xampp\cakephp-2.2.3\lib\Cake\Routing\Dispatcher.php(193): Controller->render()
#3 C:\xampp\cakephp-2.2.3\lib\Cake\Routing\Dispatcher.php(161): Dispatcher->_invoke(Object(ServersController), Object(CakeRequest), Object(CakeResponse))
#4 D:\elvis.caceres\Dropbox\My projects\HostingManager\src\webroot\index.php(97): Dispatcher->dispatch(Object(CakeRequest), Object(CakeResponse))
#5 {main}
2012-12-18 01:42:35 Error: [MissingViewException] View file "D:\elvis.caceres\Dropbox\My projects\HostingManager\src\View\Services\admin_index.ctp" is missing.
#0 C:\xampp\cakephp-2.2.3\lib\Cake\View\View.php(473): View->_getViewFileName(NULL)
#1 C:\xampp\cakephp-2.2.3\lib\Cake\Controller\Controller.php(956): View->render(NULL, NULL)
#2 C:\xampp\cakephp-2.2.3\lib\Cake\Routing\Dispatcher.php(193): Controller->render()
#3 C:\xampp\cakephp-2.2.3\lib\Cake\Routing\Dispatcher.php(161): Dispatcher->_invoke(Object(ServicesController), Object(CakeRequest), Object(CakeResponse))
#4 D:\elvis.caceres\Dropbox\My projects\HostingManager\src\webroot\index.php(97): Dispatcher->dispatch(Object(CakeRequest), Object(CakeResponse))
#5 {main}
2012-12-18 01:44:40 Error: [MissingViewException] View file "D:\elvis.caceres\Dropbox\My projects\HostingManager\src\View\Services\admin_index.ctp" is missing.
#0 C:\xampp\cakephp-2.2.3\lib\Cake\View\View.php(473): View->_getViewFileName(NULL)
#1 C:\xampp\cakephp-2.2.3\lib\Cake\Controller\Controller.php(956): View->render(NULL, NULL)
#2 C:\xampp\cakephp-2.2.3\lib\Cake\Routing\Dispatcher.php(193): Controller->render()
#3 C:\xampp\cakephp-2.2.3\lib\Cake\Routing\Dispatcher.php(161): Dispatcher->_invoke(Object(ServicesController), Object(CakeRequest), Object(CakeResponse))
#4 D:\elvis.caceres\Dropbox\My projects\HostingManager\src\webroot\index.php(97): Dispatcher->dispatch(Object(CakeRequest), Object(CakeResponse))
#5 {main}
2012-12-18 01:45:19 Error: [MissingViewException] View file "D:\elvis.caceres\Dropbox\My projects\HostingManager\src\View\Services\admin_index.ctp" is missing.
#0 C:\xampp\cakephp-2.2.3\lib\Cake\View\View.php(473): View->_getViewFileName(NULL)
#1 C:\xampp\cakephp-2.2.3\lib\Cake\Controller\Controller.php(956): View->render(NULL, NULL)
#2 C:\xampp\cakephp-2.2.3\lib\Cake\Routing\Dispatcher.php(193): Controller->render()
#3 C:\xampp\cakephp-2.2.3\lib\Cake\Routing\Dispatcher.php(161): Dispatcher->_invoke(Object(ServicesController), Object(CakeRequest), Object(CakeResponse))
#4 D:\elvis.caceres\Dropbox\My projects\HostingManager\src\webroot\index.php(97): Dispatcher->dispatch(Object(CakeRequest), Object(CakeResponse))
#5 {main}
2012-12-18 15:19:54 Error: [MissingControllerException] Controller class WebrootController could not be found.
#0 D:\elvis.caceres\Dropbox\My projects\HostingManager\src\webroot\index.php(97): Dispatcher->dispatch(Object(CakeRequest), Object(CakeResponse))
#1 {main}
2012-12-18 19:38:38 Error: [MissingControllerException] Controller class SharedController could not be found.
#0 D:\elvis.caceres\Dropbox\My projects\HostingManager\src\webroot\index.php(97): Dispatcher->dispatch(Object(CakeRequest), Object(CakeResponse))
#1 {main}
2012-12-18 19:45:20 Error: [MissingControllerException] Controller class ImgController could not be found.
#0 D:\elvis.caceres\Dropbox\My projects\HostingManager\src\webroot\index.php(97): Dispatcher->dispatch(Object(CakeRequest), Object(CakeResponse))
#1 {main}
2012-12-18 19:45:48 Error: [MissingControllerException] Controller class ImgController could not be found.
#0 D:\elvis.caceres\Dropbox\My projects\HostingManager\src\webroot\index.php(97): Dispatcher->dispatch(Object(CakeRequest), Object(CakeResponse))
#1 {main}
2012-12-19 14:24:51 Error: [MissingControllerException] Controller class WebrootController could not be found.
#0 D:\elvis.caceres\Dropbox\My projects\HostingManager\src\webroot\index.php(97): Dispatcher->dispatch(Object(CakeRequest), Object(CakeResponse))
#1 {main}
2012-12-20 15:23:58 Error: [MissingControllerException] Controller class WebrootController could not be found.
#0 D:\elvis.caceres\Dropbox\My projects\HostingManager\src\webroot\index.php(97): Dispatcher->dispatch(Object(CakeRequest), Object(CakeResponse))
#1 {main}
2012-12-22 11:45:12 Error: [MissingControllerException] Controller class WebrootController could not be found.
#0 D:\elvis.caceres\Dropbox\My projects\HostingManager\src\webroot\index.php(97): Dispatcher->dispatch(Object(CakeRequest), Object(CakeResponse))
#1 {main}
2012-12-24 16:46:57 Error: [MissingControllerException] Controller class WebrootController could not be found.
#0 D:\elvis.caceres\Dropbox\My projects\HostingManager\src\webroot\index.php(97): Dispatcher->dispatch(Object(CakeRequest), Object(CakeResponse))
#1 {main}
2012-12-25 22:57:45 Error: [MissingControllerException] Controller class WebrootController could not be found.
#0 D:\elvis.caceres\Dropbox\My projects\HostingManager\src\webroot\index.php(97): Dispatcher->dispatch(Object(CakeRequest), Object(CakeResponse))
#1 {main}
2012-12-26 05:32:19 Error: [NotFoundException] Invalid account
#0 [internal function]: AccountsController->edit()
#1 C:\xampp\cakephp-2.2.3\lib\Cake\Controller\Controller.php(485): ReflectionMethod->invokeArgs(Object(AccountsController), Array)
#2 C:\xampp\cakephp-2.2.3\lib\Cake\Routing\Dispatcher.php(186): Controller->invokeAction(Object(CakeRequest))
#3 C:\xampp\cakephp-2.2.3\lib\Cake\Routing\Dispatcher.php(161): Dispatcher->_invoke(Object(AccountsController), Object(CakeRequest), Object(CakeResponse))
#4 D:\elvis.caceres\Dropbox\My projects\HostingManager\src\webroot\index.php(97): Dispatcher->dispatch(Object(CakeRequest), Object(CakeResponse))
#5 {main}
2012-12-26 05:36:32 Error: [NotFoundException] Invalid account
#0 [internal function]: AccountsController->edit()
#1 C:\xampp\cakephp-2.2.3\lib\Cake\Controller\Controller.php(485): ReflectionMethod->invokeArgs(Object(AccountsController), Array)
#2 C:\xampp\cakephp-2.2.3\lib\Cake\Routing\Dispatcher.php(186): Controller->invokeAction(Object(CakeRequest))
#3 C:\xampp\cakephp-2.2.3\lib\Cake\Routing\Dispatcher.php(161): Dispatcher->_invoke(Object(AccountsController), Object(CakeRequest), Object(CakeResponse))
#4 D:\elvis.caceres\Dropbox\My projects\HostingManager\src\webroot\index.php(97): Dispatcher->dispatch(Object(CakeRequest), Object(CakeResponse))
#5 {main}
2012-12-26 05:37:56 Error: [NotFoundException] Invalid account
#0 [internal function]: AccountsController->edit()
#1 C:\xampp\cakephp-2.2.3\lib\Cake\Controller\Controller.php(485): ReflectionMethod->invokeArgs(Object(AccountsController), Array)
#2 C:\xampp\cakephp-2.2.3\lib\Cake\Routing\Dispatcher.php(186): Controller->invokeAction(Object(CakeRequest))
#3 C:\xampp\cakephp-2.2.3\lib\Cake\Routing\Dispatcher.php(161): Dispatcher->_invoke(Object(AccountsController), Object(CakeRequest), Object(CakeResponse))
#4 D:\elvis.caceres\Dropbox\My projects\HostingManager\src\webroot\index.php(97): Dispatcher->dispatch(Object(CakeRequest), Object(CakeResponse))
#5 {main}
2012-12-26 16:24:20 Error: [MissingControllerException] Controller class WebrootController could not be found.
#0 D:\elvis.caceres\Dropbox\My projects\HostingManager\src\webroot\index.php(97): Dispatcher->dispatch(Object(CakeRequest), Object(CakeResponse))
#1 {main}
2012-12-27 18:47:03 Error: [MissingControllerException] Controller class WebrootController could not be found.
#0 D:\elvis.caceres\Dropbox\My projects\HostingManager\src\webroot\index.php(97): Dispatcher->dispatch(Object(CakeRequest), Object(CakeResponse))
#1 {main}
2012-12-31 12:21:19 Error: [MissingControllerException] Controller class WebrootController could not be found.
#0 D:\elvis.caceres\Dropbox\My projects\HostingManager\src\webroot\index.php(97): Dispatcher->dispatch(Object(CakeRequest), Object(CakeResponse))
#1 {main}
2012-12-31 13:09:30 Error: [MissingControllerException] Controller class WebrootController could not be found.
#0 D:\elvis.caceres\Dropbox\My projects\HostingManager\src\webroot\index.php(97): Dispatcher->dispatch(Object(CakeRequest), Object(CakeResponse))
#1 {main}
2012-12-31 13:43:38 Error: Fatal Error (1): Cannot use string offset as an array in [D:\elvis.caceres\Dropbox\My projects\HostingManager\src\Controller\AccountsController.php, line 52]
2012-12-31 13:43:38 Error: [FatalErrorException] Cannot use string offset as an array
#0 C:\xampp\cakephp-2.2.3\lib\Cake\Error\ErrorHandler.php(161): ErrorHandler::handleFatalError(1, 'Cannot use stri...', 'D:\elvis.cacere...', 52)
#1 [internal function]: ErrorHandler::handleError(1, 'Cannot use stri...', 'D:\elvis.cacere...', 52, Array)
#2 C:\xampp\cakephp-2.2.3\lib\Cake\Core\App.php(926): call_user_func('ErrorHandler::h...', 1, 'Cannot use stri...', 'D:\elvis.cacere...', 52, Array)
#3 C:\xampp\cakephp-2.2.3\lib\Cake\Core\App.php(899): App::_checkFatalError()
#4 [internal function]: App::shutdown()
#5 {main}
